<?xml version="1.0" encoding="UTF-8"?>
<!-- Generated by org.testng.reporters.JUnitXMLReporter -->
<testsuite hostname="DESKTOP-930H2SV" name="Test" tests="3" failures="0" timestamp="18 Aug 2020 07:27:52 GMT" time="2.016" errors="0">
  <testcase name="createProjectTest" time="1.738" classname="com.rmgyantra.api.projecttest.CreateProjectOnGoingStatus"/>
  <testcase name="createProjectTest" time="0.105" classname="com.rmgyantra.api.projecttest.CreateProjectCompletedStaus"/>
  <testcase name="createProjectTest" time="0.157" classname="com.rmgyantra.api.projecttest.CreateProject"/>
</testsuite> <!-- Test -->
