<?xml version="1.0" encoding="UTF-8"?>
<testng-results skipped="0" failed="0" total="3" passed="3">
  <reporter-output>
  </reporter-output>
  <suite name="Suite" duration-ms="2016" started-at="2020-08-18T07:27:50Z" finished-at="2020-08-18T07:27:52Z">
    <groups>
    </groups>
    <test name="Test" duration-ms="2016" started-at="2020-08-18T07:27:50Z" finished-at="2020-08-18T07:27:52Z">
      <class name="com.rmgyantra.api.projecttest.CreateProject">
        <test-method status="PASS" signature="createProjectTest()[pri:0, instance:com.rmgyantra.api.projecttest.CreateProject@5419f379]" name="createProjectTest" duration-ms="157" started-at="2020-08-18T12:57:52Z" finished-at="2020-08-18T12:57:52Z">
          <reporter-output>
          </reporter-output>
        </test-method> <!-- createProjectTest -->
      </class> <!-- com.rmgyantra.api.projecttest.CreateProject -->
      <class name="com.rmgyantra.api.projecttest.CreateProjectOnGoingStatus">
        <test-method status="PASS" signature="createProjectTest()[pri:0, instance:com.rmgyantra.api.projecttest.CreateProjectOnGoingStatus@7dc7cbad]" name="createProjectTest" duration-ms="1738" started-at="2020-08-18T12:57:50Z" finished-at="2020-08-18T12:57:52Z">
          <reporter-output>
          </reporter-output>
        </test-method> <!-- createProjectTest -->
      </class> <!-- com.rmgyantra.api.projecttest.CreateProjectOnGoingStatus -->
      <class name="com.rmgyantra.api.projecttest.CreateProjectCompletedStaus">
        <test-method status="PASS" signature="beforeSuiteConfig()[pri:0, instance:com.rmgyantra.api.projecttest.CreateProjectCompletedStaus@215be6bb]" name="beforeSuiteConfig" is-config="true" duration-ms="1086" started-at="2020-08-18T12:57:49Z" finished-at="2020-08-18T12:57:50Z">
          <reporter-output>
          </reporter-output>
        </test-method> <!-- beforeSuiteConfig -->
        <test-method status="PASS" signature="createProjectTest()[pri:0, instance:com.rmgyantra.api.projecttest.CreateProjectCompletedStaus@215be6bb]" name="createProjectTest" duration-ms="105" started-at="2020-08-18T12:57:52Z" finished-at="2020-08-18T12:57:52Z">
          <reporter-output>
          </reporter-output>
        </test-method> <!-- createProjectTest -->
        <test-method status="PASS" signature="confibAfterSuite()[pri:0, instance:com.rmgyantra.api.projecttest.CreateProjectCompletedStaus@215be6bb]" name="confibAfterSuite" is-config="true" duration-ms="1" started-at="2020-08-18T12:57:52Z" finished-at="2020-08-18T12:57:52Z">
          <reporter-output>
          </reporter-output>
        </test-method> <!-- confibAfterSuite -->
      </class> <!-- com.rmgyantra.api.projecttest.CreateProjectCompletedStaus -->
    </test> <!-- Test -->
  </suite> <!-- Suite -->
</testng-results>
